2015-08-08 21:03:16 Error: [PDOException] SQLSTATE[HY000] [2002] No such file or directory
Stack Trace:
#0 /Applications/AMPPS/www/projects/bookmarker/vendor/cakephp/cakephp/src/Database/Driver/PDODriverTrait.php(48): PDO->__construct('mysql:host=loca...', 'cakephp', 'AngelF00dC4k3~', Array)
#1 /Applications/AMPPS/www/projects/bookmarker/vendor/cakephp/cakephp/src/Database/Driver/Mysql.php(89): Cake\Database\Driver\Mysql->_connect('mysql:host=loca...', Array)
#2 /Applications/AMPPS/www/projects/bookmarker/vendor/cakephp/cakephp/src/Database/Schema/BaseSchema.php(46): Cake\Database\Driver\Mysql->connect()
#3 /Applications/AMPPS/www/projects/bookmarker/vendor/cakephp/cakephp/src/Database/Dialect/MysqlDialectTrait.php(62): Cake\Database\Schema\BaseSchema->__construct(Object(Cake\Database\Driver\Mysql))
#4 /Applications/AMPPS/www/projects/bookmarker/vendor/cakephp/cakephp/src/Database/Schema/Collection.php(52): Cake\Database\Driver\Mysql->schemaDialect()
#5 /Applications/AMPPS/www/projects/bookmarker/vendor/cakephp/cakephp/src/Database/Schema/CachedCollection.php(44): Cake\Database\Schema\Collection->__construct(Object(Cake\Database\Connection))
#6 /Applications/AMPPS/www/projects/bookmarker/vendor/cakephp/cakephp/src/Database/Connection.php(319): Cake\Database\Schema\CachedCollection->__construct(Object(Cake\Database\Connection), true)
#7 /Applications/AMPPS/www/projects/bookmarker/vendor/cakephp/bake/src/Shell/Task/ModelTask.php(819): Cake\Database\Connection->schemaCollection()
#8 /Applications/AMPPS/www/projects/bookmarker/vendor/cakephp/bake/src/Shell/Task/ModelTask.php(795): Bake\Shell\Task\ModelTask->_getAllTables()
#9 /Applications/AMPPS/www/projects/bookmarker/vendor/cakephp/bake/src/Shell/Task/ModelTask.php(187): Bake\Shell\Task\ModelTask->listAll()
#10 /Applications/AMPPS/www/projects/bookmarker/vendor/cakephp/bake/src/Shell/Task/ModelTask.php(110): Bake\Shell\Task\ModelTask->getAssociations(Object(Cake\ORM\Table))
#11 /Applications/AMPPS/www/projects/bookmarker/vendor/cakephp/bake/src/Shell/Task/ModelTask.php(96): Bake\Shell\Task\ModelTask->bake('Users')
#12 /Applications/AMPPS/www/projects/bookmarker/vendor/cakephp/bake/src/Shell/BakeShell.php(254): Bake\Shell\Task\ModelTask->main('Users')
#13 /Applications/AMPPS/www/projects/bookmarker/vendor/cakephp/cakephp/src/Collection/CollectionTrait.php(51): Bake\Shell\BakeShell->Bake\Shell\{closure}('users', 0)
#14 /Applications/AMPPS/www/projects/bookmarker/vendor/cakephp/bake/src/Shell/BakeShell.php(257): Cake\Collection\Collection->each(Object(Closure))
#15 [internal function]: Bake\Shell\BakeShell->all('users')
#16 /Applications/AMPPS/www/projects/bookmarker/vendor/cakephp/cakephp/src/Console/Shell.php(380): call_user_func_array(Array, Array)
#17 /Applications/AMPPS/www/projects/bookmarker/vendor/cakephp/cakephp/src/Console/ShellDispatcher.php(204): Cake\Console\Shell->runCommand(Array, true)
#18 /Applications/AMPPS/www/projects/bookmarker/vendor/cakephp/cakephp/src/Console/ShellDispatcher.php(175): Cake\Console\ShellDispatcher->_dispatch()
#19 /Applications/AMPPS/www/projects/bookmarker/vendor/cakephp/cakephp/src/Console/ShellDispatcher.php(126): Cake\Console\ShellDispatcher->dispatch()
#20 /Applications/AMPPS/www/projects/bookmarker/bin/cake.php(33): Cake\Console\ShellDispatcher::run(Array)
#21 {main}


